SF:lib\src\auth\data\model\user_model.dart
DA:5,14
DA:18,0
DA:19,0
DA:20,0
DA:21,0
DA:22,0
DA:23,0
DA:24,0
DA:25,0
DA:26,0
DA:27,0
DA:28,0
DA:31,3
DA:37,2
DA:38,2
DA:39,2
DA:40,2
DA:41,2
DA:42,4
DA:43,2
DA:45,4
DA:46,2
DA:47,4
DA:48,4
DA:49,4
DA:52,2
DA:64,2
DA:65,1
DA:66,1
DA:67,1
DA:68,2
DA:69,2
DA:70,2
DA:71,2
DA:72,2
DA:73,2
DA:74,2
DA:78,4
DA:79,2
DA:80,2
DA:81,2
DA:82,2
DA:83,2
DA:84,2
DA:85,2
DA:86,2
DA:87,2
DA:88,2
LF:48
LH:37
end_of_record
SF:lib\src\auth\domain\entity\local_user.dart
DA:5,26
DA:18,2
DA:38,1
DA:39,3
DA:41,0
DA:44,1
DA:46,4
LF:7
LH:6
end_of_record
SF:lib\core\errors\exceptions.dart
DA:4,13
DA:12,1
DA:13,3
DA:17,2
DA:25,0
DA:26,0
LF:6
LH:4
end_of_record
SF:lib\core\errors\failures.dart
DA:5,10
DA:13,4
DA:15,1
DA:16,3
DA:20,3
DA:25,0
DA:26,0
DA:27,0
DA:28,0
DA:33,7
LF:10
LH:6
end_of_record
SF:lib\src\auth\data\data_source\remote\auth_remote_data_source.dart
DA:35,1
DA:47,1
DA:50,2
DA:51,1
DA:52,1
DA:53,1
DA:54,2
DA:57,0
DA:58,0
DA:59,0
DA:65,1
DA:71,2
DA:75,1
DA:83,2
DA:84,1
DA:85,2
DA:88,0
DA:93,0
DA:94,0
DA:96,1
DA:97,1
DA:98,1
DA:99,2
DA:102,1
DA:103,1
DA:104,1
DA:110,0
DA:112,0
DA:115,1
DA:122,2
DA:126,1
DA:134,1
DA:135,1
DA:137,1
DA:143,2
DA:144,2
DA:145,1
DA:146,1
DA:147,1
DA:148,2
DA:151,0
DA:152,0
DA:153,0
DA:159,1
DA:166,1
DA:167,0
DA:169,1
DA:170,3
DA:173,2
DA:175,1
DA:177,0
DA:180,0
DA:181,1
DA:182,0
DA:183,0
DA:186,0
DA:187,0
DA:188,0
DA:190,0
DA:192,1
DA:193,3
DA:200,1
DA:202,3
DA:203,1
DA:204,3
DA:205,1
DA:209,3
DA:210,1
DA:213,1
DA:214,1
DA:215,1
DA:216,2
DA:219,0
DA:220,0
DA:221,0
DA:227,1
DA:228,4
DA:231,1
DA:236,5
DA:237,1
DA:238,1
DA:239,1
DA:240,0
DA:243,1
DA:244,1
DA:248,1
DA:249,1
DA:250,1
DA:251,4
DA:252,1
LF:90
LH:66
end_of_record
SF:lib\src\auth\domain\repository\auth_repository.dart
DA:6,0
LF:1
LH:0
end_of_record
SF:lib\src\auth\domain\use_cases\forgot_password_use_case.dart
DA:6,1
DA:10,1
DA:14,2
LF:3
LH:3
end_of_record
SF:lib\core\use_cases\use_case.dart
DA:4,3
DA:10,3
LF:2
LH:2
end_of_record
SF:lib\src\auth\domain\use_cases\signin_use_case.dart
DA:8,1
DA:10,1
DA:14,4
DA:18,4
DA:22,1
DA:26,1
DA:27,3
LF:7
LH:7
end_of_record
SF:lib\src\auth\domain\use_cases\sign_out_use_case.dart
DA:6,1
DA:9,1
DA:10,2
LF:3
LH:3
end_of_record
SF:lib\src\auth\domain\use_cases\signup_use_case.dart
DA:7,1
DA:11,1
DA:12,2
DA:13,1
DA:14,1
DA:15,1
DA:20,4
DA:26,1
DA:38,1
DA:39,4
LF:10
LH:10
end_of_record
SF:lib\src\auth\domain\use_cases\update_user_use_case.dart
DA:10,0
DA:14,0
DA:15,0
DA:16,0
DA:17,0
DA:22,1
DA:27,1
DA:28,1
DA:30,1
DA:31,1
DA:44,1
DA:45,3
LF:12
LH:7
end_of_record
SF:lib\src\auth\presentation\bloc\auth_state.dart
DA:4,3
DA:8,2
DA:10,0
DA:11,0
DA:15,2
DA:17,1
DA:18,1
DA:22,1
DA:25,1
DA:26,2
DA:30,2
DA:32,1
DA:33,1
DA:37,2
DA:39,1
DA:40,1
DA:44,2
DA:46,1
DA:47,1
DA:51,1
DA:54,1
DA:55,2
DA:59,2
DA:61,1
DA:62,1
LF:25
LH:23
end_of_record
SF:lib\src\auth\presentation\bloc\auth_event.dart
DA:4,2
DA:8,1
DA:16,0
DA:17,0
DA:21,1
DA:31,0
DA:32,0
DA:36,1
DA:38,0
DA:39,0
DA:43,1
DA:49,0
DA:50,0
DA:54,1
DA:58,2
DA:65,0
DA:66,0
LF:17
LH:7
end_of_record
SF:lib\src\auth\presentation\bloc\auth_bloc.dart
DA:17,1
DA:28,1
DA:29,2
DA:30,1
DA:33,2
DA:34,2
DA:35,1
DA:36,1
DA:37,2
DA:40,2
DA:41,2
DA:50,1
DA:54,2
DA:55,1
DA:56,1
DA:57,1
DA:61,1
DA:62,4
DA:63,3
DA:67,1
DA:71,2
DA:72,1
DA:73,1
DA:74,1
DA:75,1
DA:79,1
DA:80,4
DA:81,2
DA:85,1
DA:89,2
DA:93,1
DA:94,4
DA:95,2
DA:99,1
DA:103,2
DA:105,1
DA:106,4
DA:107,2
DA:111,1
DA:115,2
DA:116,1
DA:117,1
DA:118,1
DA:122,1
DA:123,4
DA:124,2
LF:46
LH:46
end_of_record
SF:lib\src\on_boarding\data\datasource\local_data_source.dart
DA:7,0
DA:14,1
DA:17,1
DA:20,2
DA:22,2
DA:26,1
DA:29,2
DA:31,2
LF:8
LH:7
end_of_record
SF:lib\src\on_boarding\data\repository_impl\on_boarding_repository_impl.dart
DA:9,1
DA:20,1
DA:23,2
DA:25,1
DA:26,1
DA:27,1
DA:28,1
DA:29,1
DA:42,1
DA:45,2
DA:46,1
DA:47,1
DA:48,1
DA:49,1
DA:50,1
DA:51,1
LF:16
LH:16
end_of_record
SF:lib\src\on_boarding\domain\use_cases\cache_user_first_timer.dart
DA:6,1
DA:10,1
DA:19,2
LF:3
LH:3
end_of_record
SF:lib\src\on_boarding\domain\use_cases\check_user_is_first_timer.dart
DA:6,1
DA:10,1
DA:14,2
LF:3
LH:3
end_of_record
SF:lib\src\on_boarding\presentation\cubit\on_boarding_cubit_state.dart
DA:4,3
DA:6,1
DA:7,1
DA:11,2
DA:15,2
DA:19,2
DA:23,2
DA:27,2
DA:33,1
DA:34,2
DA:38,1
DA:42,1
DA:43,2
LF:13
LH:13
end_of_record
SF:lib\src\on_boarding\presentation\cubit\on_boarding_cubit.dart
DA:9,1
DA:14,1
DA:20,1
DA:21,1
DA:23,2
DA:25,1
DA:26,2
DA:27,1
DA:28,1
DA:31,2
DA:36,1
DA:37,1
DA:38,2
DA:40,1
DA:41,4
DA:42,2
DA:43,1
LF:17
LH:17
end_of_record
